2025-07-25 20:20:15,060 INFO NumExpr defaulting to 8 threads.
2025-07-25 20:20:45,751 INFO NumExpr defaulting to 8 threads.
2025-07-25 21:31:22,855 INFO Successfully read file with ascii encoding (limited to 300 rows for speed)
2025-07-25 21:31:22,859 INFO Cached results for file hash: 0e12e79f...
2025-07-25 21:31:23,715 INFO Updated market insights cache
2025-07-25 21:31:23,729 INFO Job 3f74201f-4677-4d00-93af-eb44113559da processed successfully with real ML analysis
2025-07-25 21:31:49,012 INFO Cache hit for file 0e12e79f...
2025-07-25 21:31:49,012 ERROR Job 077e1833-eba5-4260-8f70-b45e4638a35e failed: not enough values to unpack (expected 3, got 2)
2025-07-25 21:32:05,389 INFO Successfully read file with ascii encoding (limited to 300 rows for speed)
2025-07-25 21:32:05,419 INFO Cached results for file hash: 0e12e79f...
2025-07-25 21:32:06,217 INFO Updated market insights cache
2025-07-25 21:32:06,218 INFO Job 60fa7cba-40e1-4ca1-b849-09f86c703dbd processed successfully with real ML analysis
2025-07-25 21:34:22,315 INFO Successfully read file with ascii encoding (limited to 300 rows for speed)
2025-07-25 21:34:22,320 INFO Cached results for file hash: 0e12e79f...
2025-07-25 21:34:23,122 INFO Updated market insights cache
2025-07-25 21:34:23,123 INFO Job 315e0fdf-b4a8-4b09-8568-97d553241f0e processed successfully with real ML analysis
2025-07-25 21:34:30,857 INFO Cache hit for file 0e12e79f...
2025-07-25 21:34:30,858 INFO Using cached market insights
2025-07-25 21:34:30,859 ERROR Job a6f527f9-8362-401a-93a4-9a89d86a8fec failed: string indices must be integers, not 'str'
2025-07-25 21:34:53,073 INFO Successfully read file with ascii encoding (limited to 300 rows for speed)
2025-07-25 21:34:53,077 INFO Cached results for file hash: 0e12e79f...
2025-07-25 21:34:53,936 INFO Updated market insights cache
2025-07-25 21:34:53,938 INFO Job d878e17c-a71b-4272-88e6-dcf826288c0c processed successfully with real ML analysis
2025-07-25 21:35:51,187 INFO Cache hit for file 0e12e79f...
2025-07-25 21:37:26,521 INFO Successfully read file with ascii encoding (limited to 300 rows for speed)
2025-07-25 21:37:26,528 INFO Cached results for file hash: 0e12e79f...
2025-07-25 21:37:27,471 INFO Updated market insights cache
2025-07-25 21:37:27,483 INFO Job 73daaa3d-43fe-45f0-b3af-c2647ac43754 processed successfully with real ML analysis
2025-07-25 21:38:09,693 INFO Successfully read file with ascii encoding (limited to 300 rows for speed)
2025-07-25 21:38:09,708 INFO Cached results for file hash: 4ccf9d6c...
2025-07-25 21:38:09,709 INFO Using cached market insights
2025-07-25 21:38:09,716 INFO Job 2cf543ee-802c-4f58-a969-3ad7ffcbfbd1 processed successfully with real ML analysis
2025-07-25 21:38:33,860 INFO Successfully read file with utf-8 encoding (limited to 300 rows for speed)
2025-07-25 21:38:34,042 INFO Cached results for file hash: 183041c9...
2025-07-25 21:38:34,056 INFO Using cached market insights
2025-07-25 21:38:34,060 INFO Job 28a152b7-91db-4577-8c59-7ff7b35593b6 processed successfully with real ML analysis
2025-07-25 21:38:52,214 INFO Cache hit for file 0e12e79f...
2025-07-25 21:39:24,991 INFO Successfully read file with ascii encoding (limited to 300 rows for speed)
2025-07-25 21:39:25,005 INFO Cached results for file hash: 4ccf9d6c...
2025-07-25 21:39:26,412 INFO Updated market insights cache
2025-07-25 21:39:26,413 INFO Job aba7b739-e90e-4ab4-8741-a9e2cb2452a0 processed successfully with real ML analysis
2025-07-25 22:59:17,211 INFO Successfully read file with ascii encoding (limited to 300 rows for speed)
2025-07-25 22:59:17,216 INFO Cached results for file hash: 0e12e79f...
2025-07-25 22:59:22,356 INFO Updated market insights cache
2025-07-25 22:59:22,389 INFO Job bbdf844b-6938-4401-ba83-3ce91dcfd0f4 processed successfully with real ML analysis
2025-07-25 22:59:27,990 INFO Cache hit for file 0e12e79f...
2025-07-25 23:00:54,587 INFO Successfully read file with ascii encoding (limited to 300 rows for speed)
2025-07-25 23:00:54,598 INFO Cached results for file hash: 4ccf9d6c...
2025-07-25 23:00:55,823 INFO Updated market insights cache
2025-07-25 23:00:55,825 INFO Job f82294b0-db3f-46da-936a-0d876fa0628a processed successfully with real ML analysis
2025-07-25 23:01:22,314 INFO Cache hit for file 4ccf9d6c...
2025-07-25 23:02:38,372 INFO Successfully read file with ascii encoding (limited to 300 rows for speed)
2025-07-25 23:02:38,427 INFO Cached results for file hash: 0e12e79f...
2025-07-25 23:02:38,539 INFO Using cached market insights
2025-07-25 23:02:38,541 INFO Job bed64d93-3d23-4ff6-bb30-d527699eb8c0 processed successfully with real ML analysis
2025-07-25 23:03:15,695 INFO Cache hit for file 0e12e79f...
2025-07-25 23:04:41,386 INFO Cache hit for file 4ccf9d6c...
2025-07-25 23:05:44,437 INFO Cache hit for file 4ccf9d6c...
2025-07-25 23:06:04,673 INFO Successfully read file with ascii encoding (limited to 300 rows for speed)
2025-07-25 23:06:04,754 INFO Cached results for file hash: 6d20d107...
2025-07-25 23:06:05,738 INFO Updated market insights cache
2025-07-25 23:06:05,739 INFO Job 5863f6f0-ed74-4220-99c5-0f11a7b5adfa processed successfully with real ML analysis
2025-07-25 23:09:06,492 INFO Successfully read file with ascii encoding (limited to 300 rows for speed)
2025-07-25 23:09:06,504 INFO Cached results for file hash: 0e12e79f...
2025-07-25 23:09:06,505 INFO Using cached market insights
2025-07-25 23:09:06,554 INFO Job 11434158-7ec6-49f9-b9d1-5655f9f47c55 processed successfully with real ML analysis
2025-07-25 23:09:42,179 INFO Cache hit for file 6d20d107...
