2025-07-21 07:15:52,043 - __main__ - WARNING - Config file not found: config/platform_config.yaml, using defaults
2025-07-21 07:15:52,048 - __main__ - INFO - Directories created successfully
2025-07-21 07:15:52,048 - __main__ - INFO - Enhanced Sygnify Orchestrator initialized
2025-07-21 07:15:52,048 - __main__ - INFO - Starting all Sygnify platform services...
2025-07-21 07:15:52,048 - __main__ - INFO - Validating environment...
2025-07-21 07:16:06,307 - __main__ - INFO - Environment validation completed successfully
2025-07-21 07:16:06,308 - __main__ - INFO - Installing dependencies...
2025-07-21 07:16:22,422 - __main__ - ERROR - Failed to install dependencies: Command '['C:\\Python313\\python.exe', '-m', 'pip', 'install', '-r', 'requirements/enhanced_platform.txt']' returned non-zero exit status 1.
2025-07-21 07:16:22,423 - __main__ - ERROR - Dependency installation failed
2025-07-21 07:16:22,423 - __main__ - ERROR - Platform startup failed
2025-07-21 07:16:22,423 - __main__ - INFO - Stopping all services...
2025-07-21 07:16:23,163 - __main__ - INFO - All services stopped
2025-07-21 07:19:45,027 - __main__ - WARNING - Config file not found: config/platform_config.yaml, using defaults
2025-07-21 07:19:45,028 - __main__ - INFO - Directories created successfully
2025-07-21 07:19:45,028 - __main__ - INFO - Enhanced Sygnify Orchestrator initialized
2025-07-21 07:19:45,028 - __main__ - INFO - Starting all Sygnify platform services...
2025-07-21 07:19:45,028 - __main__ - INFO - Validating environment...
2025-07-21 07:19:59,189 - __main__ - INFO - Environment validation completed successfully
2025-07-21 07:19:59,189 - __main__ - INFO - Installing dependencies...
2025-07-21 07:20:11,322 - __main__ - ERROR - Failed to install dependencies: Command '['C:\\Python313\\python.exe', '-m', 'pip', 'install', '-r', 'requirements/enhanced_platform.txt']' returned non-zero exit status 1.
2025-07-21 07:20:11,322 - __main__ - ERROR - Dependency installation failed
2025-07-21 07:20:11,322 - __main__ - ERROR - Platform startup failed
2025-07-21 07:20:11,322 - __main__ - INFO - Stopping all services...
2025-07-21 07:20:11,899 - __main__ - INFO - All services stopped
2025-07-21 07:39:20,496 - __main__ - WARNING - Config file not found: config/platform_config.yaml, using defaults
2025-07-21 07:39:20,497 - __main__ - INFO - Directories created successfully
2025-07-21 07:39:20,497 - __main__ - INFO - Enhanced Sygnify Orchestrator initialized
2025-07-21 07:39:20,497 - __main__ - INFO - Starting all Sygnify platform services...
2025-07-21 07:39:20,498 - __main__ - INFO - Validating environment...
2025-07-21 07:39:34,669 - __main__ - INFO - Environment validation completed successfully
2025-07-21 07:39:34,670 - __main__ - INFO - Installing dependencies...
2025-07-21 07:39:50,056 - __main__ - ERROR - Failed to install dependencies: Command '['C:\\Python313\\python.exe', '-m', 'pip', 'install', '-r', 'requirements/enhanced_platform.txt']' returned non-zero exit status 1.
2025-07-21 07:39:50,057 - __main__ - ERROR - Dependency installation failed
2025-07-21 07:39:50,057 - __main__ - ERROR - Platform startup failed
2025-07-21 07:39:50,057 - __main__ - INFO - Stopping all services...
2025-07-21 07:39:50,656 - __main__ - INFO - All services stopped
2025-07-21 07:40:15,819 - __main__ - WARNING - Config file not found: config/platform_config.yaml, using defaults
2025-07-21 07:40:15,821 - __main__ - INFO - Directories created successfully
2025-07-21 07:40:15,821 - __main__ - INFO - Enhanced Sygnify Orchestrator initialized
2025-07-21 07:40:15,821 - __main__ - INFO - Starting all Sygnify platform services...
2025-07-21 07:40:15,821 - __main__ - INFO - Validating environment...
2025-07-21 07:40:29,988 - __main__ - INFO - Environment validation completed successfully
2025-07-21 07:40:29,989 - __main__ - INFO - Installing dependencies...
2025-07-21 07:40:45,600 - __main__ - ERROR - Failed to install dependencies: Command '['C:\\Python313\\python.exe', '-m', 'pip', 'install', '-r', 'requirements/enhanced_platform.txt']' returned non-zero exit status 1.
2025-07-21 07:40:45,601 - __main__ - ERROR - Dependency installation failed
2025-07-21 07:40:45,601 - __main__ - ERROR - Platform startup failed
2025-07-21 07:40:45,602 - __main__ - INFO - Stopping all services...
2025-07-21 07:40:46,263 - __main__ - INFO - All services stopped
2025-07-21 07:46:44,663 - __main__ - WARNING - Config file not found: config/platform_config.yaml, using defaults
2025-07-21 07:46:44,664 - __main__ - INFO - Directories created successfully
2025-07-21 07:46:44,664 - __main__ - INFO - Enhanced Sygnify Orchestrator initialized
2025-07-21 07:46:44,664 - __main__ - INFO - Starting all Sygnify platform services...
2025-07-21 07:46:44,665 - __main__ - INFO - Validating environment...
2025-07-21 07:46:58,832 - __main__ - INFO - Environment validation completed successfully
2025-07-21 07:46:58,832 - __main__ - INFO - Installing dependencies...
2025-07-21 07:47:13,398 - __main__ - ERROR - Failed to install dependencies: Command '['C:\\Python313\\python.exe', '-m', 'pip', 'install', '-r', 'requirements/enhanced_platform.txt']' returned non-zero exit status 1.
2025-07-21 07:47:13,399 - __main__ - ERROR - Dependency installation failed
2025-07-21 07:47:13,399 - __main__ - ERROR - Platform startup failed
2025-07-21 07:47:13,399 - __main__ - INFO - Stopping all services...
2025-07-21 07:47:14,372 - __main__ - INFO - All services stopped
2025-07-21 07:47:24,165 - __main__ - WARNING - Config file not found: config/platform_config.yaml, using defaults
2025-07-21 07:47:24,166 - __main__ - INFO - Directories created successfully
2025-07-21 07:47:24,166 - __main__ - INFO - Enhanced Sygnify Orchestrator initialized
2025-07-21 07:47:24,167 - __main__ - INFO - Starting all Sygnify platform services...
2025-07-21 07:47:24,167 - __main__ - INFO - Validating environment...
2025-07-21 07:47:38,357 - __main__ - INFO - Environment validation completed successfully
2025-07-21 07:47:38,357 - __main__ - INFO - Installing dependencies...
2025-07-21 07:47:53,332 - __main__ - ERROR - Failed to install dependencies: Command '['C:\\Python313\\python.exe', '-m', 'pip', 'install', '-r', 'requirements/enhanced_platform.txt']' returned non-zero exit status 1.
2025-07-21 07:47:53,333 - __main__ - ERROR - Dependency installation failed
2025-07-21 07:47:53,333 - __main__ - ERROR - Platform startup failed
2025-07-21 07:47:53,333 - __main__ - INFO - Stopping all services...
2025-07-21 07:47:54,194 - __main__ - INFO - All services stopped
2025-07-21 08:10:41,469 - __main__ - WARNING - Config file not found: config/platform_config.yaml, using defaults
2025-07-21 08:10:41,471 - __main__ - INFO - Directories created successfully
2025-07-21 08:10:41,471 - __main__ - INFO - Enhanced Sygnify Orchestrator initialized
2025-07-21 08:10:41,471 - __main__ - INFO - Starting all Sygnify platform services...
2025-07-21 08:10:41,471 - __main__ - INFO - Validating environment...
2025-07-21 08:10:55,677 - __main__ - INFO - Environment validation completed successfully
2025-07-21 08:10:55,677 - __main__ - INFO - Installing dependencies...
2025-07-21 08:11:10,565 - __main__ - ERROR - Failed to install dependencies: Command '['C:\\Python313\\python.exe', '-m', 'pip', 'install', '-r', 'requirements/enhanced_platform.txt']' returned non-zero exit status 1.
2025-07-21 08:11:10,566 - __main__ - ERROR - Dependency installation failed
2025-07-21 08:11:10,566 - __main__ - ERROR - Platform startup failed
2025-07-21 08:11:10,566 - __main__ - INFO - Stopping all services...
2025-07-21 08:11:11,210 - __main__ - INFO - All services stopped
2025-07-21 09:56:54,643 - __main__ - WARNING - Config file not found: config/platform_config.yaml, using defaults
2025-07-21 09:56:54,646 - __main__ - INFO - Directories created successfully
2025-07-21 09:56:54,646 - __main__ - INFO - Enhanced Sygnify Orchestrator initialized
2025-07-21 09:56:54,646 - __main__ - INFO - Starting all Sygnify platform services...
2025-07-21 09:56:54,646 - __main__ - INFO - Validating environment...
2025-07-21 09:57:08,871 - __main__ - INFO - Environment validation completed successfully
2025-07-21 09:57:08,871 - __main__ - INFO - Installing dependencies...
2025-07-21 09:57:27,332 - __main__ - ERROR - Failed to install dependencies: Command '['C:\\Python313\\python.exe', '-m', 'pip', 'install', '-r', 'requirements/enhanced_platform.txt']' returned non-zero exit status 1.
2025-07-21 09:57:27,333 - __main__ - ERROR - Dependency installation failed
2025-07-21 09:57:27,335 - __main__ - ERROR - Platform startup failed
2025-07-21 09:57:27,337 - __main__ - INFO - Stopping all services...
2025-07-21 09:57:28,117 - __main__ - INFO - All services stopped
2025-07-21 09:58:44,337 - __main__ - WARNING - Config file not found: config/platform_config.yaml, using defaults
2025-07-21 09:58:44,338 - __main__ - INFO - Directories created successfully
2025-07-21 09:58:44,339 - __main__ - INFO - Enhanced Sygnify Orchestrator initialized
2025-07-21 09:58:44,339 - __main__ - INFO - Starting all Sygnify platform services...
2025-07-21 09:58:44,339 - __main__ - INFO - Validating environment...
2025-07-21 09:58:58,524 - __main__ - INFO - Environment validation completed successfully
2025-07-21 09:58:58,528 - __main__ - INFO - Installing dependencies...
2025-07-21 09:59:12,877 - __main__ - ERROR - Failed to install dependencies: Command '['C:\\Python313\\python.exe', '-m', 'pip', 'install', '-r', 'requirements/enhanced_platform.txt']' returned non-zero exit status 1.
2025-07-21 09:59:12,877 - __main__ - ERROR - Dependency installation failed
2025-07-21 09:59:12,877 - __main__ - ERROR - Platform startup failed
2025-07-21 09:59:12,877 - __main__ - INFO - Stopping all services...
2025-07-21 09:59:13,643 - __main__ - INFO - All services stopped
